<?xml version="1.0" ?>
<!DOCTYPE coverage SYSTEM "https://cobertura.sourceforge.net/xml/coverage-04.dtd">
<coverage branch-rate="0" branches-covered="0" branches-valid="0" complexity="0" line-rate="0.85" lines-covered="34" lines-valid="40" timestamp="1741340371" version="2.0.3">
    <sources>
        <source>/Users/gyulasallai/projects/sandbox/rust-tests</source>
    </sources>
    <packages>
        <package line-rate="0.85" branch-rate="0" name="src" complexity="0">
            <classes>
                <class branch-rate="0" complexity="0" filename="src/abs.rs" line-rate="0.8" name="src.abs.rs">
                    <methods>
                        <method name="rust_tests::abs::abs" signature="" complexity="0" line-rate="1" branch-rate="1">
                            <lines>
                                <line hits="1" number="1" branch="false"/>
                            </lines>
                        </method>
                    </methods>
                    <lines>
                        <line branch="false" hits="1" number="1"/>
                        <line branch="false" hits="1" number="2"/>
                        <line branch="false" hits="1" number="3"/>
                        <line branch="false" hits="0" number="5"/>
                        <line branch="false" hits="1" number="7"/>
                    </lines>
                </class>
                <class branch-rate="0" complexity="0" filename="src/sign.rs" line-rate="0.8571428571428571" name="src.sign.rs">
                    <methods>
                        <method name="rust_tests::sign::sign" signature="" complexity="0" line-rate="1" branch-rate="1">
                            <lines>
                                <line hits="2" number="1" branch="false"/>
                            </lines>
                        </method>
                    </methods>
                    <lines>
                        <line branch="false" hits="2" number="1"/>
                        <line branch="false" hits="2" number="2"/>
                        <line branch="false" hits="1" number="3"/>
                        <line branch="false" hits="1" number="4"/>
                        <line branch="false" hits="0" number="5"/>
                        <line branch="false" hits="1" number="7"/>
                        <line branch="false" hits="2" number="9"/>
                    </lines>
                </class>
                <class branch-rate="0" complexity="0" filename="src/fizzbuzz.rs" line-rate="0.9285714285714286" name="src.fizzbuzz.rs">
                    <methods>
                        <method name="rust_tests::fizzbuzz::fizz_buzz" signature="" complexity="0" line-rate="1" branch-rate="1">
                            <lines>
                                <line hits="2" number="1" branch="false"/>
                            </lines>
                        </method>
                    </methods>
                    <lines>
                        <line branch="false" hits="2" number="1"/>
                        <line branch="false" hits="2" number="2"/>
                        <line branch="false" hits="2" number="3"/>
                        <line branch="false" hits="1" number="4"/>
                        <line branch="false" hits="1" number="5"/>
                        <line branch="false" hits="2" number="6"/>
                        <line branch="false" hits="1" number="7"/>
                        <line branch="false" hits="1" number="8"/>
                        <line branch="false" hits="2" number="10"/>
                        <line branch="false" hits="0" number="11"/>
                        <line branch="false" hits="2" number="12"/>
                        <line branch="false" hits="2" number="13"/>
                        <line branch="false" hits="2" number="14"/>
                        <line branch="false" hits="2" number="15"/>
                    </lines>
                </class>
                <class branch-rate="0" complexity="0" filename="src/main.rs" line-rate="0.7857142857142857" name="src.main.rs">
                    <methods>
                        <method name="rust_tests::main" signature="" complexity="0" line-rate="0" branch-rate="0">
                            <lines>
                                <line hits="0" number="5" branch="false"/>
                            </lines>
                        </method>
                        <method name="rust_tests::tests::test_fizz_buzz" signature="" complexity="0" line-rate="1" branch-rate="1">
                            <lines>
                                <line hits="1" number="28" branch="false"/>
                            </lines>
                        </method>
                        <method name="rust_tests::tests::test_abs" signature="" complexity="0" line-rate="1" branch-rate="1">
                            <lines>
                                <line hits="1" number="17" branch="false"/>
                            </lines>
                        </method>
                        <method name="rust_tests::tests::test_sign" signature="" complexity="0" line-rate="1" branch-rate="1">
                            <lines>
                                <line hits="1" number="22" branch="false"/>
                            </lines>
                        </method>
                    </methods>
                    <lines>
                        <line branch="false" hits="0" number="5"/>
                        <line branch="false" hits="0" number="6"/>
                        <line branch="false" hits="0" number="7"/>
                        <line branch="false" hits="1" number="17"/>
                        <line branch="false" hits="1" number="18"/>
                        <line branch="false" hits="1" number="19"/>
                        <line branch="false" hits="1" number="22"/>
                        <line branch="false" hits="1" number="23"/>
                        <line branch="false" hits="1" number="24"/>
                        <line branch="false" hits="1" number="25"/>
                        <line branch="false" hits="1" number="28"/>
                        <line branch="false" hits="1" number="29"/>
                        <line branch="false" hits="1" number="30"/>
                        <line branch="false" hits="1" number="31"/>
                    </lines>
                </class>
            </classes>
        </package>
    </packages>
</coverage>
