<?xml version="1.0"?><coverage lines-covered="16" lines-valid="21" line-rate="0.7619047619047619" branches-covered="0" branches-valid="0" branch-rate="0" complexity="0" version="1.9" timestamp="1741339542"><sources><source>/Users/gyulasallai/projects/sandbox/rust-tests</source></sources><packages><package name="src" line-rate="0.7619047619047619" branch-rate="0" complexity="0"><classes><class name="abs" filename="src/abs.rs" line-rate="0.75" branch-rate="0" complexity="0"><methods/><lines><line number="1" hits="1"/><line number="2" hits="1"/><line number="3" hits="1"/><line number="5" hits="0"/></lines></class><class name="fizzbuzz" filename="src/fizzbuzz.rs" line-rate="0.8888888888888888" branch-rate="0" complexity="0"><methods/><lines><line number="1" hits="2"/><line number="2" hits="2"/><line number="3" hits="3"/><line number="4" hits="1"/><line number="6" hits="3"/><line number="7" hits="1"/><line number="10" hits="3"/><line number="11" hits="0"/><line number="14" hits="2"/></lines></class><class name="main" filename="src/main.rs" line-rate="0" branch-rate="0" complexity="0"><methods/><lines><line number="5" hits="0"/><line number="6" hits="0"/></lines></class><class name="sign" filename="src/sign.rs" line-rate="0.8333333333333334" branch-rate="0" complexity="0"><methods/><lines><line number="1" hits="2"/><line number="2" hits="2"/><line number="3" hits="1"/><line number="4" hits="1"/><line number="5" hits="0"/><line number="7" hits="1"/></lines></class></classes></package></packages></coverage>
